[1/2] STEP 1/3: FROM scratch AS ctx
[1/2] STEP 2/3: COPY build_files /
--> 55d84e63ee4d
[1/2] STEP 3/3: COPY system_files /system_files
--> 5b8507b12524
[2/2] STEP 1/3: FROM ghcr.io/ublue-os/aurora:stable
[2/2] STEP 2/3: RUN --mount=type=bind,from=ctx,source=/,target=/ctx     --mount=type=cache,dst=/var/cache     --mount=type=cache,dst=/var/log     --mount=type=tmpfs,dst=/tmp     /ctx/build.sh
+ sed -i '/^\[main\]/a max_parallel_downloads=10' /etc/dnf/dnf.conf
+ sed -i '/^\[main\]/a fastestmirror=True' /etc/dnf/dnf.conf
+ sed -i '/^\[main\]/a defaultyes=True' /etc/dnf/dnf.conf
+ dnf -y install dnf5-plugin-automatic
Updating and loading repositories:
Repositories loaded.
Total size of inbound packages is 115 KiB. Need to download 115 KiB.
After this operation, 187 KiB extra will be used (install 187 KiB, remove 0 B).
Package                Arch   Version          Repository      Size
Installing:
 dnf5-plugin-automatic x86_64 0:5.4.2.1-1.fc44 updates    187.1 KiB

Transaction Summary:
 Installing:         1 package

[1/1] dnf5-plugin-automatic-0:5.4.2.1-1 100% |   1.8 MiB/s | 115.2 KiB |  00m00s
--------------------------------------------------------------------------------
[1/1] Total                             100% | 126.4 KiB/s | 115.2 KiB |  00m01s
Running transaction
[1/3] Verify package files              100% |   1.0 KiB/s |   1.0   B |  00m00s
[2/3] Prepare transaction               100% |   1.0   B/s |   1.0   B |  00m01s
[3/3] Installing dnf5-plugin-automatic- 100% | 267.0 KiB/s | 189.1 KiB |  00m01s
Complete!
+ cp /usr/share/dnf5/dnf5-plugins/automatic.conf /etc/dnf/automatic.conf
+ sed -i 's/apply_updates = no/apply_updates = yes/' /etc/dnf/automatic.conf
+ systemctl enable dnf5-automatic.timer
Created symlink '/etc/systemd/system/timers.target.wants/dnf5-automatic.timer' → '/usr/lib/systemd/system/dnf5-automatic.timer'.
+ dnf -y install openssh-server
Updating and loading repositories:
Repositories loaded.
Package "openssh-server-10.2p1-12.fc44.x86_64" is already installed.

Nothing to do.
+ systemctl enable sshd
Created symlink '/etc/systemd/system/multi-user.target.wants/sshd.service' → '/usr/lib/systemd/system/sshd.service'.
+ dnf -y install nautilus mpv gnome-terminal gnome-system-monitor gnome-calculator loupe mc btop rsync tmux fastfetch unzip git wget curl
Updating and loading repositories:
Repositories loaded.
Package "rsync-3.4.1-7.fc44.x86_64" is already installed.
Package "tmux-3.7b-2.fc44.x86_64" is already installed.
Package "fastfetch-2.65.2-2.fc44.x86_64" is already installed.
Package "unzip-6.0-69.fc44.x86_64" is already installed.
Package "git-2.55.0-1.fc44.x86_64" is already installed.
Package "wget2-wget-2.2.1-2.fc44.x86_64" is already installed.
Package "curl-8.18.0-6.fc44.x86_64" is already installed.

Package                    Arch   Version             Repository      Size
Installing:
 btop                      x86_64 0:1.4.7-1.fc44      updates      1.8 MiB
 gnome-calculator          x86_64 0:50.0-1.fc44       fedora       8.1 MiB
 gnome-system-monitor      x86_64 0:50.0-1.fc44       fedora       5.2 MiB
 gnome-terminal            x86_64 0:3.60.0-1.fc44     fedora       8.5 MiB
 loupe                     x86_64 0:50.0-1.fc44       fedora       7.5 MiB
 mc                        x86_64 1:4.8.33-3.fc44     fedora       7.2 MiB
 mpv                       x86_64 0:0.41.0-5.fc44     fedora       4.6 MiB
 nautilus                  x86_64 0:50.2.2-2.fc44     updates     14.0 MiB
Installing dependencies:
 compat-lua-libs           x86_64 0:5.1.5-31.fc44     fedora     498.0 KiB
 exempi                    x86_64 0:2.6.4-9.fc44      fedora       1.4 MiB
 geocode-glib              x86_64 0:3.26.4-15.fc44    fedora     226.8 KiB
 glycin-gtk4-libs          x86_64 0:2.1.5-1.fc44      updates    286.2 KiB
 gnome-autoar              x86_64 0:0.4.5-4.fc44      fedora     150.8 KiB
 gnome-desktop3            x86_64 0:44.5-1.fc44       fedora       3.0 MiB
 gnome-desktop4            x86_64 0:44.5-1.fc44       fedora     471.2 KiB
 gtksourceview5            x86_64 0:5.20.0-1.fc44     fedora       4.6 MiB
 gweather-locations        x86_64 0:2026.2-1.fc44     fedora      20.3 MiB
 gweather-locations-common noarch 0:2026.2-1.fc44     fedora       1.6 MiB
 libXpresent               x86_64 0:1.0.0-28.fc44     fedora      24.1 KiB
 libcue                    x86_64 0:2.3.0-14.fc44     fedora      85.7 KiB
 libgee                    x86_64 0:0.20.8-3.fc44     fedora     952.6 KiB
 libgexiv2                 x86_64 0:0.16.1-1.fc44     updates    267.4 KiB
 libgsf                    x86_64 0:1.14.58-1.fc44    updates    993.0 KiB
 libgtop2                  x86_64 0:2.41.3-5.fc44     fedora     497.0 KiB
 libgweather               x86_64 0:4.6.0-1.fc44      fedora       1.8 MiB
 libgxps                   x86_64 0:0.3.2-12.fc44     fedora     192.0 KiB
 libhandy                  x86_64 0:1.8.3-10.fc44     fedora       1.4 MiB
 libosinfo                 x86_64 0:1.12.0-5.fc44     fedora       1.2 MiB
 libportal                 x86_64 0:0.10.0-1.fc44     updates    244.5 KiB
 libportal-gtk4            x86_64 0:0.10.0-1.fc44     updates     27.8 KiB
 libtomcrypt               x86_64 0:1.18.2-23.fc44    fedora     938.6 KiB
 localsearch               x86_64 0:3.11.1-1.fc44     updates      3.4 MiB
 mujs                      x86_64 0:1.3.7-2.fc44      fedora       1.1 MiB
 nautilus-extensions       x86_64 0:50.2.2-2.fc44     updates     82.6 KiB
 nautilus-python           x86_64 0:4.1.0-2.fc44      fedora      58.5 KiB
 osinfo-db                 noarch 0:20251212-1.fc44   fedora       4.2 MiB
 osinfo-db-tools           x86_64 0:1.12.0-5.fc44     fedora     190.3 KiB
 poppler-glib              x86_64 0:26.01.0-3.fc44    fedora     658.8 KiB
 python3-brotli            x86_64 0:1.2.0-3.fc44      fedora     869.8 KiB
 python3-mutagen           noarch 0:1.47.0-12.fc44    fedora       2.0 MiB
 python3-pycryptodomex     x86_64 0:3.23.0-5.fc44     fedora       3.9 MiB
 python3-websockets        x86_64 0:15.0.1-10.fc44    fedora       1.8 MiB
 simdutf                   x86_64 0:7.2.1-3.fc44      fedora     611.3 KiB
 totem-pl-parser           x86_64 0:3.26.7-1.fc44     updates    315.2 KiB
 uchardet                  x86_64 0:0.0.8-10.fc44     fedora     275.3 KiB
 vapoursynth-libs          x86_64 0:72-1.fc44         fedora       2.0 MiB
 vte-profile               x86_64 0:0.84.0-1.fc44     fedora      51.5 KiB
 vte291                    x86_64 0:0.84.0-1.fc44     fedora       1.2 MiB
 yt-dlp+default            noarch 0:2026.06.09-1.fc44 updates      0.0   B
Installing weak dependencies:
 glycin-thumbnailer        x86_64 0:2.1.5-1.fc44      updates    467.7 KiB
 gst-thumbnailers          x86_64 0:1.0.0-1.fc44      fedora       1.5 MiB
 kde-connect-nautilus      x86_64 0:26.04.3-1.fc44    updates      4.1 KiB
 rocm-smi                  x86_64 0:7.1.1-3.fc44      fedora       2.7 MiB
 yt-dlp                    noarch 0:2026.06.09-1.fc44 updates     20.8 MiB

Transaction Summary:
 Installing:        54 packages

Total size of inbound packages is 35 MiB. Need to download 35 MiB.
After this operation, 146 MiB extra will be used (install 146 MiB, remove 0 B).
[ 1/54] mpv-0:0.41.0-5.fc44.x86_64        0% |   0.0   B/s |  -1.0   B |  ?     
>>> Interrupted
[ 2/54] gnome-terminal-0:3.60.0-1.fc44.   0% |   0.0   B/s |  -1.0   B |  ?     
>>> Interrupted
[ 3/54] gnome-system-monitor-0:50.0-1.f   0% |   0.0   B/s |  -1.0   B |  ?     
>>> Interrupted
[ 4/54] loupe-0:50.0-1.fc44.x86_64        0% |   0.0   B/s |  -1.0   B |  ?     
>>> Interrupted
[ 5/54] mc-1:4.8.33-3.fc44.x86_64         0% |   0.0   B/s |  -1.0   B |  ?     
>>> Interrupted
[ 6/54] compat-lua-libs-0:5.1.5-31.fc44   0% |   0.0   B/s |  -1.0   B |  ?     
>>> Interrupted
[ 7/54] libXpresent-0:1.0.0-28.fc44.x86   0% |   0.0   B/s |  -1.0   B |  ?     
>>> Interrupted
[ 8/54] mujs-0:1.3.7-2.fc44.x86_64        0% |   0.0   B/s |  -1.0   B |  ?     
>>> Interrupted
[ 9/54] uchardet-0:0.0.8-10.fc44.x86_64   0% |   0.0   B/s |  -1.0   B |  ?     
>>> Interrupted
[10/54] vapoursynth-libs-0:72-1.fc44.x8   0% |   0.0   B/s |  -1.0   B |  ?     
>>> Interrupted
[11/54] libhandy-0:1.8.3-10.fc44.x86_64   0% |   0.0   B/s |  -1.0   B |  ?     
>>> Interrupted
[12/54] vte291-0:0.84.0-1.fc44.x86_64     0% |   0.0   B/s |  -1.0   B |  ?     
>>> Interrupted
[13/54] libgtop2-0:2.41.3-5.fc44.x86_64   0% |   0.0   B/s |  -1.0   B |  ?     
>>> Interrupted
[14/54] libgweather-0:4.6.0-1.fc44.x86_   0% |   0.0   B/s |  -1.0   B |  ?     
>>> Interrupted
[15/54] simdutf-0:7.2.1-3.fc44.x86_64     0% |   0.0   B/s |  -1.0   B |  ?     
>>> Interrupted
[16/54] vte-profile-0:0.84.0-1.fc44.x86   0% |   0.0   B/s |  -1.0   B |  ?     
>>> Interrupted
[17/54] geocode-glib-0:3.26.4-15.fc44.x   0% |   0.0   B/s |  -1.0   B |  ?     
>>> Interrupted
[18/54] nautilus-0:50.2.2-2.fc44.x86_64   0% |   0.0   B/s |  -1.0   B |  ?     
>>> Interrupted
[19/54] gnome-autoar-0:0.4.5-4.fc44.x86   0% |   0.0   B/s |  -1.0   B |  ?     
>>> Interrupted
[20/54] gnome-desktop4-0:44.5-1.fc44.x8   0% |   0.0   B/s |  -1.0   B |  ?     
>>> Interrupted
[21/54] gnome-desktop3-0:44.5-1.fc44.x8   0% |   0.0   B/s |  -1.0   B |  ?     
>>> Interrupted
[22/54] gnome-calculator-0:50.0-1.fc44.   0% |   0.0   B/s |  -1.0   B |  ?     
>>> Interrupted
[23/54] gtksourceview5-0:5.20.0-1.fc44.   0% |   0.0   B/s |  -1.0   B |  ?     
>>> Interrupted
[24/54] libgee-0:0.20.8-3.fc44.x86_64     0% |   0.0   B/s |  -1.0   B |  ?     
>>> Interrupted
[25/54] btop-0:1.4.7-1.fc44.x86_64        0% |   0.0   B/s |  -1.0   B |  ?     
>>> Interrupted
[26/54] glycin-gtk4-libs-0:2.1.5-1.fc44   0% |   0.0   B/s |  -1.0   B |  ?     
>>> Interrupted
[27/54] libgexiv2-0:0.16.1-1.fc44.x86_6   0% |   0.0   B/s |  -1.0   B |  ?     
>>> Interrupted
[28/54] libportal-0:0.10.0-1.fc44.x86_6   0% |   0.0   B/s |  -1.0   B |  ?     
>>> Interrupted
[29/54] libportal-gtk4-0:0.10.0-1.fc44.   0% |   0.0   B/s |  -1.0   B |  ?     
>>> Interrupted
[30/54] localsearch-0:3.11.1-1.fc44.x86   0% |   0.0   B/s |  -1.0   B |  ?     
>>> Interrupted
[31/54] exempi-0:2.6.4-9.fc44.x86_64      0% |   0.0   B/s |  -1.0   B |  ?     
>>> Interrupted
[32/54] libcue-0:2.3.0-14.fc44.x86_64     0% |   0.0   B/s |  -1.0   B |  ?     
>>> Interrupted
[33/54] libgxps-0:0.3.2-12.fc44.x86_64    0% |   0.0   B/s |  -1.0   B |  ?     
>>> Interrupted
[34/54] libosinfo-0:1.12.0-5.fc44.x86_6   0% |   0.0   B/s |  -1.0   B |  ?     
>>> Interrupted
[35/54] poppler-glib-0:26.01.0-3.fc44.x   0% |   0.0   B/s |  -1.0   B |  ?     
>>> Interrupted
[36/54] osinfo-db-0:20251212-1.fc44.noa   0% |   0.0   B/s |  -1.0   B |  ?     
>>> Interrupted
[37/54] osinfo-db-tools-0:1.12.0-5.fc44   0% |   0.0   B/s |  -1.0   B |  ?     
>>> Interrupted
[38/54] nautilus-extensions-0:50.2.2-2.   0% |   0.0   B/s |  -1.0   B |  ?     
>>> Interrupted
[39/54] libgsf-0:1.14.58-1.fc44.x86_64    0% |   0.0   B/s |  -1.0   B |  ?     
>>> Interrupted
[40/54] totem-pl-parser-0:3.26.7-1.fc44   0% |   0.0   B/s |  -1.0   B |  ?     
>>> Interrupted
[41/54] gweather-locations-0:2026.2-1.f   0% |   0.0   B/s |  -1.0   B |  ?     
>>> Interrupted
[42/54] gweather-locations-common-0:202   0% |   0.0   B/s |  -1.0   B |  ?     
>>> Interrupted
[43/54] kde-connect-nautilus-0:26.04.3-   0% |   0.0   B/s |  -1.0   B |  ?     
>>> Interrupted
[44/54] yt-dlp-0:2026.06.09-1.fc44.noar   0% |   0.0   B/s |  -1.0   B |  ?     
>>> Interrupted
[45/54] glycin-thumbnailer-0:2.1.5-1.fc   0% |   0.0   B/s |  -1.0   B |  ?     
>>> Interrupted
[46/54] gst-thumbnailers-0:1.0.0-1.fc44   0% |   0.0   B/s |  -1.0   B |  ?     
>>> Interrupted
[47/54] rocm-smi-0:7.1.1-3.fc44.x86_64    0% |   0.0   B/s |  -1.0   B |  ?     
>>> Interrupted
[48/54] yt-dlp+default-0:2026.06.09-1.f   0% |   0.0   B/s |  -1.0   B |  ?     
>>> Interrupted
[49/54] python3-brotli-0:1.2.0-3.fc44.x   0% |   0.0   B/s |  -1.0   B |  ?     
>>> Interrupted
[50/54] python3-mutagen-0:1.47.0-12.fc4   0% |   0.0   B/s |  -1.0   B |  ?     
>>> Interrupted
[51/54] python3-pycryptodomex-0:3.23.0-   0% |   0.0   B/s |  -1.0   B |  ?     
>>> Interrupted
[52/54] python3-websockets-0:15.0.1-10.   0% |   0.0   B/s |  -1.0   B |  ?     
>>> Interrupted
[53/54] libtomcrypt-0:1.18.2-23.fc44.x8   0% |   0.0   B/s |  -1.0   B |  ?     
>>> Interrupted
[54/54] nautilus-python-0:4.1.0-2.fc44.   0% |   0.0   B/s |  -1.0   B |  ?     
>>> Interrupted
--------------------------------------------------------------------------------
[54/54] Total                           ???% | -24.0   B/s | -54.0   B |  00m02s
Failed to download packages
 Librepo error: Cannot open /var/cache/libdnf5/fedora-cff72538bc9825a4/packages/mpv-0.41.0-5.fc44.x86_64.rpm: No such file or directory
Error: building at STEP "RUN --mount=type=bind,from=ctx,source=/,target=/ctx --mount=type=cache,dst=/var/cache --mount=type=cache,dst=/var/log --mount=type=tmpfs,dst=/tmp /ctx/build.sh": while running runtime: exit status 1
